<?xml version="1.0" encoding="UTF-8"?>
<!-- Generated by org.testng.reporters.JUnitReportReporter -->
<testsuite hostname="vaishnavi" failures="0" tests="3" name="Test.ProductCart_Test" time="10.132" errors="0" timestamp="2023-11-13T18:38:00 IST" skipped="0">
  <testcase classname="Test.ProductCart_Test" name="addProduct" time="9.594"/>
  <testcase classname="Test.ProductCart_Test" name="productprice" time="0.402"/>
  <testcase classname="Test.ProductCart_Test" name="RemoveItemfromcart" time="0.136"/>
</testsuite> <!-- Test.ProductCart_Test -->
