<?xml version="1.0" encoding="UTF-8"?>
<!-- Generated by org.testng.reporters.JUnitReportReporter -->
<testsuite hostname="vaishnavi" failures="0" tests="1" name="Test.ContactUs_Test" time="12.618" errors="0" timestamp="2023-11-11T15:11:14 IST" skipped="0">
  <testcase classname="Test.ContactUs_Test" name="contact_us" time="12.618"/>
</testsuite> <!-- Test.ContactUs_Test -->
